This is pdfTeX, Version 3.141592653-2.6-1.40.24 (MiKTeX 21.12) (preloaded format=pdflatex 2022.3.10)  15 MAR 2022 20:27
entering extended mode
 restricted \write18 enabled.
 %&-line parsing enabled.
**./Paper.tex
(Paper.tex
LaTeX2e <2021-11-15> patch level 1
L3 programming layer <2021-11-22> (IEEEtran.cls
Document Class: IEEEtran 2015/08/26 V1.8b by Michael Shell
-- See the "IEEEtran_HOWTO" manual for usage information.
-- http://www.michaelshell.org/tex/ieeetran/
\@IEEEtrantmpdimenA=\dimen138
\@IEEEtrantmpdimenB=\dimen139
\@IEEEtrantmpdimenC=\dimen140
\@IEEEtrantmpcountA=\count183
\@IEEEtrantmpcountB=\count184
\@IEEEtrantmpcountC=\count185
\@IEEEtrantmptoksA=\toks16
LaTeX Font Info:    Trying to load font information for OT1+ptm on input line 5
03.
(C:\Users\Theresa\AppData\Local\Programs\MiKTeX\tex/latex/psnfss\ot1ptm.fd
File: ot1ptm.fd 2001/06/04 font definitions for OT1/ptm.
)
-- Using 8.5in x 11in (letter) paper.
-- Using PDF output.
\@IEEEnormalsizeunitybaselineskip=\dimen141
-- This is a 12 point document.
\CLASSINFOnormalsizebaselineskip=\dimen142
\CLASSINFOnormalsizeunitybaselineskip=\dimen143
\IEEEnormaljot=\dimen144
LaTeX Font Info:    Font shape `OT1/ptm/bx/n' in size <6> not available
(Font)              Font shape `OT1/ptm/b/n' tried instead on input line 1090.
LaTeX Font Info:    Font shape `OT1/ptm/bx/it' in size <6> not available
(Font)              Font shape `OT1/ptm/b/it' tried instead on input line 1090.

LaTeX Font Info:    Font shape `OT1/ptm/bx/n' in size <8> not available
(Font)              Font shape `OT1/ptm/b/n' tried instead on input line 1090.
LaTeX Font Info:    Font shape `OT1/ptm/bx/it' in size <8> not available
(Font)              Font shape `OT1/ptm/b/it' tried instead on input line 1090.

LaTeX Font Info:    Font shape `OT1/ptm/bx/n' in size <9> not available
(Font)              Font shape `OT1/ptm/b/n' tried instead on input line 1090.
LaTeX Font Info:    Font shape `OT1/ptm/bx/it' in size <9> not available
(Font)              Font shape `OT1/ptm/b/it' tried instead on input line 1090.

LaTeX Font Info:    Font shape `OT1/ptm/bx/n' in size <10> not available
(Font)              Font shape `OT1/ptm/b/n' tried instead on input line 1090.
LaTeX Font Info:    Font shape `OT1/ptm/bx/it' in size <10> not available
(Font)              Font shape `OT1/ptm/b/it' tried instead on input line 1090.

LaTeX Font Info:    Font shape `OT1/ptm/bx/n' in size <12> not available
(Font)              Font shape `OT1/ptm/b/n' tried instead on input line 1090.
LaTeX Font Info:    Font shape `OT1/ptm/bx/it' in size <12> not available
(Font)              Font shape `OT1/ptm/b/it' tried instead on input line 1090.

LaTeX Font Info:    Font shape `OT1/ptm/bx/n' in size <14> not available
(Font)              Font shape `OT1/ptm/b/n' tried instead on input line 1090.
LaTeX Font Info:    Font shape `OT1/ptm/bx/it' in size <14> not available
(Font)              Font shape `OT1/ptm/b/it' tried instead on input line 1090.

LaTeX Font Info:    Font shape `OT1/ptm/bx/n' in size <20> not available
(Font)              Font shape `OT1/ptm/b/n' tried instead on input line 1090.
LaTeX Font Info:    Font shape `OT1/ptm/bx/it' in size <20> not available
(Font)              Font shape `OT1/ptm/b/it' tried instead on input line 1090.

LaTeX Font Info:    Font shape `OT1/ptm/bx/n' in size <22> not available
(Font)              Font shape `OT1/ptm/b/n' tried instead on input line 1090.
LaTeX Font Info:    Font shape `OT1/ptm/bx/it' in size <22> not available
(Font)              Font shape `OT1/ptm/b/it' tried instead on input line 1090.

LaTeX Font Info:    Font shape `OT1/ptm/bx/n' in size <24> not available
(Font)              Font shape `OT1/ptm/b/n' tried instead on input line 1090.
LaTeX Font Info:    Font shape `OT1/ptm/bx/it' in size <24> not available
(Font)              Font shape `OT1/ptm/b/it' tried instead on input line 1090.

\IEEEquantizedlength=\dimen145
\IEEEquantizedlengthdiff=\dimen146
\IEEEquantizedtextheightdiff=\dimen147
\IEEEilabelindentA=\dimen148
\IEEEilabelindentB=\dimen149
\IEEEilabelindent=\dimen150
\IEEEelabelindent=\dimen151
\IEEEdlabelindent=\dimen152
\IEEElabelindent=\dimen153
\IEEEiednormlabelsep=\dimen154
\IEEEiedmathlabelsep=\dimen155
\IEEEiedtopsep=\skip47
\c@section=\count186
\c@subsection=\count187
\c@subsubsection=\count188
\c@paragraph=\count189
\c@IEEEsubequation=\count190
\abovecaptionskip=\skip48
\belowcaptionskip=\skip49
\c@figure=\count191
\c@table=\count192
\@IEEEeqnnumcols=\count193
\@IEEEeqncolcnt=\count194
\@IEEEsubeqnnumrollback=\count195
\@IEEEquantizeheightA=\dimen156
\@IEEEquantizeheightB=\dimen157
\@IEEEquantizeheightC=\dimen158
\@IEEEquantizeprevdepth=\dimen159
\@IEEEquantizemultiple=\count196
\@IEEEquantizeboxA=\box50
\@IEEEtmpitemindent=\dimen160
\IEEEPARstartletwidth=\dimen161
\c@IEEEbiography=\count197
\@IEEEtranrubishbin=\box51
)
** ATTENTION: Overriding command lockouts (line 3).
(C:\Users\Theresa\AppData\Local\Programs\MiKTeX\tex/latex/cite\cite.sty
LaTeX Info: Redefining \cite on input line 302.
LaTeX Info: Redefining \nocite on input line 332.
Package: cite 2015/02/27  v 5.5
)
(C:\Users\Theresa\AppData\Local\Programs\MiKTeX\tex/latex/amsmath\amsmath.sty
Package: amsmath 2021/10/15 v2.17l AMS math features
\@mathmargin=\skip50

For additional information on amsmath, use the `?' option.
(C:\Users\Theresa\AppData\Local\Programs\MiKTeX\tex/latex/amsmath\amstext.sty
Package: amstext 2021/08/26 v2.01 AMS text

(C:\Users\Theresa\AppData\Local\Programs\MiKTeX\tex/latex/amsmath\amsgen.sty
File: amsgen.sty 1999/11/30 v2.0 generic functions
\@emptytoks=\toks17
\ex@=\dimen162
))
(C:\Users\Theresa\AppData\Local\Programs\MiKTeX\tex/latex/amsmath\amsbsy.sty
Package: amsbsy 1999/11/29 v1.2d Bold Symbols
\pmbraise@=\dimen163
)
(C:\Users\Theresa\AppData\Local\Programs\MiKTeX\tex/latex/amsmath\amsopn.sty
Package: amsopn 2021/08/26 v2.02 operator names
)
\inf@bad=\count198
LaTeX Info: Redefining \frac on input line 234.
\uproot@=\count199
\leftroot@=\count266
LaTeX Info: Redefining \overline on input line 399.
\classnum@=\count267
\DOTSCASE@=\count268
LaTeX Info: Redefining \ldots on input line 496.
LaTeX Info: Redefining \dots on input line 499.
LaTeX Info: Redefining \cdots on input line 620.
\Mathstrutbox@=\box52
\strutbox@=\box53
\big@size=\dimen164
LaTeX Font Info:    Redeclaring font encoding OML on input line 743.
LaTeX Font Info:    Redeclaring font encoding OMS on input line 744.
\macc@depth=\count269
\c@MaxMatrixCols=\count270
\dotsspace@=\muskip16
\c@parentequation=\count271
\dspbrk@lvl=\count272
\tag@help=\toks18
\row@=\count273
\column@=\count274
\maxfields@=\count275
\andhelp@=\toks19
\eqnshift@=\dimen165
\alignsep@=\dimen166
\tagshift@=\dimen167
\tagwidth@=\dimen168
\totwidth@=\dimen169
\lineht@=\dimen170
\@envbody=\toks20
\multlinegap=\skip51
\multlinetaggap=\skip52
\mathdisplay@stack=\toks21
LaTeX Info: Redefining \[ on input line 2938.
LaTeX Info: Redefining \] on input line 2939.
)
(C:\Users\Theresa\AppData\Local\Programs\MiKTeX\tex/latex/amsfonts\amssymb.sty
Package: amssymb 2013/01/14 v3.01 AMS font symbols

(C:\Users\Theresa\AppData\Local\Programs\MiKTeX\tex/latex/amsfonts\amsfonts.sty
Package: amsfonts 2013/01/14 v3.01 Basic AMSFonts support
\symAMSa=\mathgroup4
\symAMSb=\mathgroup5
LaTeX Font Info:    Redeclaring math symbol \hbar on input line 98.
LaTeX Font Info:    Overwriting math alphabet `\mathfrak' in version `bold'
(Font)                  U/euf/m/n --> U/euf/b/n on input line 106.
))
(C:\Users\Theresa\AppData\Local\Programs\MiKTeX\tex/latex/algorithms\algorithm.
sty
Package: algorithm 2009/08/24 v0.1 Document Style `algorithm' - floating enviro
nment
 (C:\Users\Theresa\AppData\Local\Programs\MiKTeX\tex/latex/float\float.sty
Package: float 2001/11/08 v1.3d Float enhancements (AL)
\c@float@type=\count276
\float@exts=\toks22
\float@box=\box54
\@float@everytoks=\toks23
\@floatcapt=\box55
)
(C:\Users\Theresa\AppData\Local\Programs\MiKTeX\tex/latex/base\ifthen.sty
Package: ifthen 2020/11/24 v1.1c Standard LaTeX ifthen package (DPC)
)
\@float@every@algorithm=\toks24
\c@algorithm=\count277
)
(C:\Users\Theresa\AppData\Local\Programs\MiKTeX\tex/latex/algorithms\algorithmi
c.sty
Package: algorithmic 2009/08/24 v0.1 Document Style `algorithmic'

(C:\Users\Theresa\AppData\Local\Programs\MiKTeX\tex/latex/graphics\keyval.sty
Package: keyval 2014/10/28 v1.15 key=value parser (DPC)
\KV@toks@=\toks25
)
\c@ALC@unique=\count278
\c@ALC@line=\count279
\c@ALC@rem=\count280
\c@ALC@depth=\count281
\ALC@tlm=\skip53
\algorithmicindent=\skip54
) (C:\Users\Theresa\AppData\Local\Programs\MiKTeX\tex/latex/base\textcomp.sty
Package: textcomp 2020/02/02 v2.0n Standard LaTeX package
)
(C:\Users\Theresa\AppData\Local\Programs\MiKTeX\tex/latex/xcolor\xcolor.sty
Package: xcolor 2021/10/31 v2.13 LaTeX color extensions (UK)

(C:\Users\Theresa\AppData\Local\Programs\MiKTeX\tex/latex/graphics-cfg\color.cf
g
File: color.cfg 2016/01/02 v1.6 sample color configuration
)
Package xcolor Info: Driver file: pdftex.def on input line 227.

(C:\Users\Theresa\AppData\Local\Programs\MiKTeX\tex/latex/graphics-def\pdftex.d
ef
File: pdftex.def 2020/10/05 v1.2a Graphics/color driver for pdftex
)
Package xcolor Info: Model `cmy' substituted by `cmy0' on input line 1352.
Package xcolor Info: Model `hsb' substituted by `rgb' on input line 1356.
Package xcolor Info: Model `RGB' extended on input line 1368.
Package xcolor Info: Model `HTML' substituted by `rgb' on input line 1370.
Package xcolor Info: Model `Hsb' substituted by `hsb' on input line 1371.
Package xcolor Info: Model `tHsb' substituted by `hsb' on input line 1372.
Package xcolor Info: Model `HSB' substituted by `hsb' on input line 1373.
Package xcolor Info: Model `Gray' substituted by `gray' on input line 1374.
Package xcolor Info: Model `wave' substituted by `hsb' on input line 1375.
)
(C:\Users\Theresa\AppData\Local\Programs\MiKTeX\tex/latex/amscls\amsthm.sty
Package: amsthm 2020/05/29 v2.20.6
\thm@style=\toks26
\thm@bodyfont=\toks27
\thm@headfont=\toks28
\thm@notefont=\toks29
\thm@headpunct=\toks30
\thm@preskip=\skip55
\thm@postskip=\skip56
\thm@headsep=\skip57
\dth@everypar=\toks31
)
(C:\Users\Theresa\AppData\Local\Programs\MiKTeX\tex/latex/graphics\graphicx.sty
Package: graphicx 2021/09/16 v1.2d Enhanced LaTeX Graphics (DPC,SPQR)

(C:\Users\Theresa\AppData\Local\Programs\MiKTeX\tex/latex/graphics\graphics.sty
Package: graphics 2021/03/04 v1.4d Standard LaTeX Graphics (DPC,SPQR)
(C:\Users\Theresa\AppData\Local\Programs\MiKTeX\tex/latex/graphics\trig.sty
Package: trig 2021/08/11 v1.11 sin cos tan (DPC)
)
(C:\Users\Theresa\AppData\Local\Programs\MiKTeX\tex/latex/graphics-cfg\graphics
.cfg
File: graphics.cfg 2016/06/04 v1.11 sample graphics configuration
)
Package graphics Info: Driver file: pdftex.def on input line 107.
)
\Gin@req@height=\dimen171
\Gin@req@width=\dimen172
)
(C:\Users\Theresa\AppData\Local\Programs\MiKTeX\tex/latex/multirow\multirow.sty
Package: multirow 2021/03/15 v2.8 Span multiple rows of a table
\multirow@colwidth=\skip58
\multirow@cntb=\count282
\multirow@dima=\skip59
\bigstrutjot=\dimen173
)
(C:\Users\Theresa\AppData\Local\Programs\MiKTeX\tex/latex/booktabs\booktabs.sty
Package: booktabs 2020/01/12 v1.61803398 Publication quality tables
\heavyrulewidth=\dimen174
\lightrulewidth=\dimen175
\cmidrulewidth=\dimen176
\belowrulesep=\dimen177
\belowbottomsep=\dimen178
\aboverulesep=\dimen179
\abovetopsep=\dimen180
\cmidrulesep=\dimen181
\cmidrulekern=\dimen182
\defaultaddspace=\dimen183
\@cmidla=\count283
\@cmidlb=\count284
\@aboverulesep=\dimen184
\@belowrulesep=\dimen185
\@thisruleclass=\count285
\@lastruleclass=\count286
\@thisrulewidth=\dimen186
)
(C:\Users\Theresa\AppData\Local\Programs\MiKTeX\tex/latex/l3backend\l3backend-p
dftex.def
File: l3backend-pdftex.def 2021-10-18 L3 backend support: PDF output (pdfTeX)
\l__color_backend_stack_int=\count287
\l__pdf_internal_box=\box56
) (Paper.aux

LaTeX Warning: Label `fig:pd' multiply defined.


LaTeX Warning: Label `tab:performance_comparison' multiply defined.


LaTeX Warning: Label `tab:performance_comparison' multiply defined.

)
\openout1 = `Paper.aux'.

LaTeX Font Info:    Checking defaults for OML/cmm/m/it on input line 30.
LaTeX Font Info:    ... okay on input line 30.
LaTeX Font Info:    Checking defaults for OMS/cmsy/m/n on input line 30.
LaTeX Font Info:    ... okay on input line 30.
LaTeX Font Info:    Checking defaults for OT1/cmr/m/n on input line 30.
LaTeX Font Info:    ... okay on input line 30.
LaTeX Font Info:    Checking defaults for T1/cmr/m/n on input line 30.
LaTeX Font Info:    ... okay on input line 30.
LaTeX Font Info:    Checking defaults for TS1/cmr/m/n on input line 30.
LaTeX Font Info:    ... okay on input line 30.
LaTeX Font Info:    Checking defaults for OMX/cmex/m/n on input line 30.
LaTeX Font Info:    ... okay on input line 30.
LaTeX Font Info:    Checking defaults for U/cmr/m/n on input line 30.
LaTeX Font Info:    ... okay on input line 30.

-- Lines per column: 32 (exact).

(C:\Users\Theresa\AppData\Local\Programs\MiKTeX\tex/context/base/mkii\supp-pdf.
mkii
[Loading MPS to PDF converter (version 2006.09.02).]
\scratchcounter=\count288
\scratchdimen=\dimen187
\scratchbox=\box57
\nofMPsegments=\count289
\nofMParguments=\count290
\everyMPshowfont=\toks32
\MPscratchCnt=\count291
\MPscratchDim=\dimen188
\MPnumerator=\count292
\makeMPintoPDFobject=\count293
\everyMPtoPDFconversion=\toks33
)
(C:\Users\Theresa\AppData\Local\Programs\MiKTeX\tex/latex/epstopdf-pkg\epstopdf
-base.sty
Package: epstopdf-base 2020-01-24 v2.11 Base part for package epstopdf
Package epstopdf-base Info: Redefining graphics rule for `.eps' on input line 4
85.

(C:\Users\Theresa\AppData\Local\Programs\MiKTeX\tex/latex/00miktex\epstopdf-sys
.cfg
File: epstopdf-sys.cfg 2021/03/18 v2.0 Configuration of epstopdf for MiKTeX
)) [1{C:/Users/Theresa/AppData/Local/MiKTeX/fonts/map/pdftex/pdftex.map}]
[2] [3] [4]
<Flow Chart.jpg, id=17, 963.6pt x 542.025pt>
File: Flow Chart.jpg Graphic file (type jpg)
<use Flow Chart.jpg>
Package pdftex.def Info: Flow Chart.jpg  used on input line 108.
(pdftex.def)             Requested size: 269.80615pt x 151.76596pt.
LaTeX Font Info:    Trying to load font information for U+msa on input line 116
.

(C:\Users\Theresa\AppData\Local\Programs\MiKTeX\tex/latex/amsfonts\umsa.fd
File: umsa.fd 2013/01/14 v3.01 AMS symbols A
)
LaTeX Font Info:    Trying to load font information for U+msb on input line 116
.

(C:\Users\Theresa\AppData\Local\Programs\MiKTeX\tex/latex/amsfonts\umsb.fd
File: umsb.fd 2013/01/14 v3.01 AMS symbols B
)
[5 <./Flow Chart.jpg>] [6] [7]

Package amsmath Warning: Foreign command \over;
(amsmath)                \frac or \genfrac should be used instead
(amsmath)                 on input line 200.

[8] [9] [10] [11] [12] [13]
Overfull \hbox (2.66502pt too wide) in paragraph at lines 494--495
[]\OT1/ptm/m/n/12 where $\OT1/cmr/bx/n/12 W[] \OT1/cmr/m/n/12 = [\OML/cmm/m/it/
12 w[]; w[]; :::; w[]\OT1/cmr/m/n/12 ][]$ \OT1/ptm/m/n/12 is the vec-tor of wei
ghts on pre-dicted worst-case PCRLBs,
 []

[14] [15] [16] [17]
<GA.jpg, id=72, 645.16031pt x 800.9925pt>
File: GA.jpg Graphic file (type jpg)
<use GA.jpg>
Package pdftex.def Info: GA.jpg  used on input line 568.
(pdftex.def)             Requested size: 232.25752pt x 288.35707pt.
 [18] [19 <./GA.jpg>] [20]
<Pd.jpg, id=83, 702.625pt x 526.96875pt>
File: Pd.jpg Graphic file (type jpg)
<use Pd.jpg>
Package pdftex.def Info: Pd.jpg  used on input line 617.
(pdftex.def)             Requested size: 252.9448pt x 189.7086pt.
<Initial State.jpg, id=84, 702.625pt x 526.96875pt>
File: Initial State.jpg Graphic file (type jpg)
<use Initial State.jpg>
Package pdftex.def Info: Initial State.jpg  used on input line 627.
(pdftex.def)             Requested size: 252.9448pt x 189.7086pt.
 [21 <./Pd.jpg>] [22 <./Initial State.jpg>]
<PCRLB.jpg, id=91, 702.625pt x 526.96875pt>
File: PCRLB.jpg Graphic file (type jpg)
<use PCRLB.jpg>
Package pdftex.def Info: PCRLB.jpg  used on input line 686.
(pdftex.def)             Requested size: 252.9448pt x 189.7086pt.
 [23 <./PCRLB.jpg>] [24]
<RMSE.jpg, id=98, 702.625pt x 526.96875pt>
File: RMSE.jpg Graphic file (type jpg)
<use RMSE.jpg>
Package pdftex.def Info: RMSE.jpg  used on input line 715.
(pdftex.def)             Requested size: 505.8896pt x 379.4172pt.

Overfull \hbox (36.13458pt too wide) in paragraph at lines 715--716
 [][] 
 []

LaTeX Font Info:    Trying to load font information for TS1+ptm on input line 7
47.
(C:\Users\Theresa\AppData\Local\Programs\MiKTeX\tex/latex/psnfss\ts1ptm.fd
File: ts1ptm.fd 2001/06/04 font definitions for TS1/ptm.
)
[25 <./RMSE.jpg>]
<Pre Selection.jpg, id=103, 702.625pt x 526.96875pt>
File: Pre Selection.jpg Graphic file (type jpg)
<use Pre Selection.jpg>
Package pdftex.def Info: Pre Selection.jpg  used on input line 751.
(pdftex.def)             Requested size: 252.9448pt x 189.7086pt.
 [26 <./Pre Selection.jpg>] [27]
<RCS.jpg, id=110, 702.625pt x 526.96875pt>
File: RCS.jpg Graphic file (type jpg)
<use RCS.jpg>
Package pdftex.def Info: RCS.jpg  used on input line 794.
(pdftex.def)             Requested size: 252.9448pt x 189.7086pt.
<Power1.jpg, id=111, 702.625pt x 526.96875pt>
File: Power1.jpg Graphic file (type jpg)
<use Power1.jpg>
Package pdftex.def Info: Power1.jpg  used on input line 814.
(pdftex.def)             Requested size: 252.9448pt x 189.7086pt.
 [28]
<Power2.jpg, id=115, 702.625pt x 526.96875pt>
File: Power2.jpg Graphic file (type jpg)
<use Power2.jpg>
Package pdftex.def Info: Power2.jpg  used on input line 821.
(pdftex.def)             Requested size: 252.9448pt x 189.7086pt.
<Power3.jpg, id=116, 702.625pt x 526.96875pt>
File: Power3.jpg Graphic file (type jpg)
<use Power3.jpg>
Package pdftex.def Info: Power3.jpg  used on input line 828.
(pdftex.def)             Requested size: 252.9448pt x 189.7086pt.
 [29 <./RCS.jpg> <./Power1.jpg>] [30 <./Power2.jpg> <./Power3.jpg>] [31] (Paper
.bbl [32] [33]) [34]
(Paper.aux)

LaTeX Warning: There were multiply-defined labels.

 ) 
Here is how much of TeX's memory you used:
 4734 strings out of 478659
 75194 string characters out of 2844972
 380143 words of memory out of 3000000
 22753 multiletter control sequences out of 15000+600000
 447330 words of font info for 116 fonts, out of 8000000 for 9000
 1141 hyphenation exceptions out of 8191
 55i,14n,62p,1374b,414s stack positions out of 5000i,500n,10000p,200000b,80000s
{C:/Users/Theresa/AppData/Local/Programs/MiKTeX/fonts/enc/dvips/base/8r.enc}<
C:/Users/Theresa/AppData/Local/Programs/MiKTeX/fonts/type1/public/amsfonts/cm/c
mbx12.pfb><C:/Users/Theresa/AppData/Local/Programs/MiKTeX/fonts/type1/public/am
sfonts/cm/cmbx6.pfb><C:/Users/Theresa/AppData/Local/Programs/MiKTeX/fonts/type1
/public/amsfonts/cm/cmbx8.pfb><C:/Users/Theresa/AppData/Local/Programs/MiKTeX/f
onts/type1/public/amsfonts/cm/cmbx9.pfb><C:/Users/Theresa/AppData/Local/Program
s/MiKTeX/fonts/type1/public/amsfonts/cm/cmex10.pfb><C:/Users/Theresa/AppData/Lo
cal/Programs/MiKTeX/fonts/type1/public/amsfonts/cm/cmmi12.pfb><C:/Users/Theresa
/AppData/Local/Programs/MiKTeX/fonts/type1/public/amsfonts/cm/cmmi6.pfb><C:/Use
rs/Theresa/AppData/Local/Programs/MiKTeX/fonts/type1/public/amsfonts/cm/cmmi8.p
fb><C:/Users/Theresa/AppData/Local/Programs/MiKTeX/fonts/type1/public/amsfonts/
cm/cmr12.pfb><C:/Users/Theresa/AppData/Local/Programs/MiKTeX/fonts/type1/public
/amsfonts/cm/cmr6.pfb><C:/Users/Theresa/AppData/Local/Programs/MiKTeX/fonts/typ
e1/public/amsfonts/cm/cmr8.pfb><C:/Users/Theresa/AppData/Local/Programs/MiKTeX/
fonts/type1/public/amsfonts/cm/cmsy10.pfb><C:/Users/Theresa/AppData/Local/Progr
ams/MiKTeX/fonts/type1/public/amsfonts/cm/cmsy6.pfb><C:/Users/Theresa/AppData/L
ocal/Programs/MiKTeX/fonts/type1/public/amsfonts/cm/cmsy8.pfb><C:/Users/Theresa
/AppData/Local/Programs/MiKTeX/fonts/type1/public/amsfonts/symbols/msbm10.pfb><
C:/Users/Theresa/AppData/Local/Programs/MiKTeX/fonts/type1/urw/times/utmb8a.pfb
><C:/Users/Theresa/AppData/Local/Programs/MiKTeX/fonts/type1/urw/times/utmr8a.p
fb><C:/Users/Theresa/AppData/Local/Programs/MiKTeX/fonts/type1/urw/times/utmri8
a.pfb>
Output written on Paper.pdf (34 pages, 745106 bytes).
PDF statistics:
 213 PDF objects out of 1000 (max. 8388607)
 0 named destinations out of 1000 (max. 500000)
 56 words of extra memory for PDF output out of 10000 (max. 10000000)

